<?xml version="1.0" encoding="UTF-8"?>
<testng-results ignored="0" total="1" passed="1" failed="0" skipped="0">
  <reporter-output>
  </reporter-output>
  <suite started-at="2025-06-05T21:07:57 NPT" name="Default suite" finished-at="2025-06-05T21:08:08 NPT" duration-ms="11275">
    <groups>
    </groups>
    <test started-at="2025-06-05T21:07:57 NPT" name="Default test" finished-at="2025-06-05T21:08:08 NPT" duration-ms="11275">
      <class name="test.LoginTest">
        <test-method is-config="true" signature="setupReport()[pri:0, instance:test.LoginTest@1e800aaa]" started-at="2025-06-05T21:07:57 NPT" name="setupReport" finished-at="2025-06-05T21:07:57 NPT" duration-ms="382" status="PASS">
          <reporter-output>
          </reporter-output>
        </test-method> <!-- setupReport -->
        <test-method is-config="true" signature="setUp()[pri:0, instance:test.LoginTest@1e800aaa]" started-at="2025-06-05T21:07:57 NPT" name="setUp" finished-at="2025-06-05T21:08:07 NPT" duration-ms="9498" status="PASS">
          <reporter-output>
          </reporter-output>
        </test-method> <!-- setUp -->
        <test-method signature="testValidLogin()[pri:0, instance:test.LoginTest@1e800aaa]" started-at="2025-06-05T21:08:07 NPT" name="testValidLogin" finished-at="2025-06-05T21:08:08 NPT" duration-ms="1414" status="PASS">
          <reporter-output>
          </reporter-output>
        </test-method> <!-- testValidLogin -->
        <test-method is-config="true" signature="tearDown(org.testng.ITestResult)[pri:0, instance:test.LoginTest@1e800aaa]" started-at="2025-06-05T21:08:08 NPT" name="tearDown" finished-at="2025-06-05T21:08:08 NPT" duration-ms="316" status="PASS">
          <params>
            <param index="0">
              <value>
                <![CDATA[[TestResult name=testValidLogin status=SUCCESS method=LoginTest.testValidLogin()[pri:0, instance:test.LoginTest@1e800aaa] output={null}]]]>
              </value>
            </param>
          </params>
          <reporter-output>
          </reporter-output>
        </test-method> <!-- tearDown -->
        <test-method is-config="true" signature="teardownReport()[pri:0, instance:test.LoginTest@1e800aaa]" started-at="2025-06-05T21:08:09 NPT" name="teardownReport" finished-at="2025-06-05T21:08:16 NPT" duration-ms="7206" status="PASS">
          <reporter-output>
          </reporter-output>
        </test-method> <!-- teardownReport -->
      </class> <!-- test.LoginTest -->
    </test> <!-- Default test -->
  </suite> <!-- Default suite -->
</testng-results>
