<?xml version="1.0" encoding="UTF-8"?>
<testng-results ignored="0" total="1" passed="1" failed="0" skipped="0">
  <reporter-output>
  </reporter-output>
  <suite started-at="2025-05-29T12:04:14 NPT" name="LoginSuite" finished-at="2025-05-29T12:04:18 NPT" duration-ms="4069">
    <groups>
    </groups>
    <test started-at="2025-05-29T12:04:14 NPT" name="LoginTests" finished-at="2025-05-29T12:04:18 NPT" duration-ms="4069">
      <class name="test.LoginTest">
        <test-method is-config="true" signature="setUp()[pri:0, instance:test.LoginTest@c8c12ac]" started-at="2025-05-29T12:04:14 NPT" name="setUp" finished-at="2025-05-29T12:04:17 NPT" duration-ms="3472" status="PASS">
          <reporter-output>
          </reporter-output>
        </test-method> <!-- setUp -->
        <test-method signature="testValidLogin()[pri:0, instance:test.LoginTest@c8c12ac]" started-at="2025-05-29T12:04:17 NPT" name="testValidLogin" finished-at="2025-05-29T12:04:18 NPT" duration-ms="552" status="PASS">
          <reporter-output>
          </reporter-output>
        </test-method> <!-- testValidLogin -->
        <test-method is-config="true" signature="tearDown()[pri:0, instance:test.LoginTest@c8c12ac]" started-at="2025-05-29T12:04:18 NPT" name="tearDown" finished-at="2025-05-29T12:04:18 NPT" duration-ms="1" status="PASS">
          <reporter-output>
          </reporter-output>
        </test-method> <!-- tearDown -->
      </class> <!-- test.LoginTest -->
    </test> <!-- LoginTests -->
  </suite> <!-- LoginSuite -->
</testng-results>
